<?xml version="1.0" encoding="UTF-8"?>
<!-- Generated by org.testng.reporters.JUnitReportReporter -->
<testsuite hostname="Chitranshu" failures="0" tests="2" name="testCases.CheckOut_Step_One_Page_Test" time="51.906" errors="0" timestamp="2024-07-18T14:00:32 IST" skipped="0">
  <testcase classname="testCases.CheckOut_Step_One_Page_Test" name="verifyCheckOutFirstLogoTest" time="42.740"/>
  <system-out>
    <![CDATA[Logo text on the checkout page: Swag Labs]]>
  </system-out>
  <testcase classname="testCases.CheckOut_Step_One_Page_Test" name="inputInformationTest" time="9.166"/>
  <system-out>
    <![CDATA[Checkout Page 2 URL = https://www.saucedemo.com/checkout-step-two.html]]>
  </system-out>
</testsuite> <!-- testCases.CheckOut_Step_One_Page_Test -->
