<?xml version="1.0" encoding="UTF-8"?>
<!-- Generated by org.testng.reporters.JUnitReportReporter -->
<testsuite hostname="Chitranshu" failures="0" tests="6" name="testCases.Inventory_Page_Test" time="33.357" errors="0" timestamp="2024-07-16T14:06:08 IST" skipped="0">
  <testcase classname="testCases.Inventory_Page_Test" name="verifyLinkedInLogoTest" time="5.737"/>
  <system-out>
    <![CDATA[LinkedIn Logo is present= true]]>
  </system-out>
  <testcase classname="testCases.Inventory_Page_Test" name="add6Products" time="5.271"/>
  <system-out>
    <![CDATA[Total products add to the cart = 6]]>
  </system-out>
  <testcase classname="testCases.Inventory_Page_Test" name="remove2ProductsTest" time="4.451"/>
  <system-out>
    <![CDATA[After removal, Total products left to the cart = 4]]>
  </system-out>
  <testcase classname="testCases.Inventory_Page_Test" name="verifyFacebookLogoTest" time="3.463"/>
  <system-out>
    <![CDATA[Facebook Logo is present= true]]>
  </system-out>
  <testcase classname="testCases.Inventory_Page_Test" name="verifyTwitterLogoTest" time="10.131"/>
  <system-out>
    <![CDATA[Twitter Logo is present= true]]>
  </system-out>
  <testcase classname="testCases.Inventory_Page_Test" name="verifyPageTitleTest" time="4.304"/>
  <system-out>
    <![CDATA[Inventory Title= Products]]>
  </system-out>
</testsuite> <!-- testCases.Inventory_Page_Test -->
